{"uid":"43232f1deabc0075","name":"testCreateBookAllLayers(TestParameters)","fullName":"com.library.test.LibraryTest.testCreateBookAllLayers","historyId":"bb8f116a8f44675a6611b04ac9598bf5","time":{"start":1715273482958,"stop":1715273503538,"duration":20580},"description":"","status":"broken","statusMessage":"javascript error: {\"status\":32,\"value\":\"Unable to locate an element with the xpath expression //td[3][text()='All the King's Men']/following-sibling::td[1][text()='Sigrid Quitzon']/parent::tr because of the following error:\\nSyntaxError: Failed to execute 'evaluate' on 'Document': The string '//td[3][text()='All the King's Men']/following-sibling::td[1][text()='Sigrid Quitzon']/parent::tr' is not a valid XPath expression.\"}\n  (Session info: chrome-headless-shell=124.0.6367.60)\nBuild info: version: '4.17.0', revision: 'e52b1be057*'\nSystem info: os.name: 'Linux', os.arch: 'amd64', os.version: '6.5.0-1018-azure', java.version: '21.0.3'\nDriver info: org.openqa.selenium.chrome.ChromeDriver\nCommand: [8d83c2f7e98347fc1ebf67004146b9c3, findElements {value=//td[3][text()='All the King's Men']/following-sibling::td[1][text()='Sigrid Quitzon']/parent::tr, using=xpath}]\nCapabilities {acceptInsecureCerts: false, browserName: chrome-headless-shell, browserVersion: 124.0.6367.60, chrome: {chromedriverVersion: 124.0.6367.60 (8771130bd84f..., userDataDir: /tmp/.org.chromium.Chromium...}, fedcm:accounts: true, goog:chromeOptions: {debuggerAddress: localhost:40763}, networkConnectionEnabled: false, pageLoadStrategy: normal, platformName: linux, proxy: Proxy(), se:cdp: ws://localhost:40763/devtoo..., se:cdpVersion: 124.0.6367.60, setWindowRect: true, strictFileInteractability: false, timeouts: {implicit: 0, pageLoad: 300000, script: 30000}, unhandledPromptBehavior: dismiss and notify, webauthn:extension:credBlob: true, webauthn:extension:largeBlob: true, webauthn:extension:minPinLength: true, webauthn:extension:prf: true, webauthn:virtualAuthenticators: true}\nSession ID: 8d83c2f7e98347fc1ebf67004146b9c3","statusTrace":"org.openqa.selenium.JavascriptException: javascript error: {\"status\":32,\"value\":\"Unable to locate an element with the xpath expression //td[3][text()='All the King's Men']/following-sibling::td[1][text()='Sigrid Quitzon']/parent::tr because of the following error:\\nSyntaxError: Failed to execute 'evaluate' on 'Document': The string '//td[3][text()='All the King's Men']/following-sibling::td[1][text()='Sigrid Quitzon']/parent::tr' is not a valid XPath expression.\"}\n  (Session info: chrome-headless-shell=124.0.6367.60)\nBuild info: version: '4.17.0', revision: 'e52b1be057*'\nSystem info: os.name: 'Linux', os.arch: 'amd64', os.version: '6.5.0-1018-azure', java.version: '21.0.3'\nDriver info: org.openqa.selenium.chrome.ChromeDriver\nCommand: [8d83c2f7e98347fc1ebf67004146b9c3, findElements {value=//td[3][text()='All the King's Men']/following-sibling::td[1][text()='Sigrid Quitzon']/parent::tr, using=xpath}]\nCapabilities {acceptInsecureCerts: false, browserName: chrome-headless-shell, browserVersion: 124.0.6367.60, chrome: {chromedriverVersion: 124.0.6367.60 (8771130bd84f..., userDataDir: /tmp/.org.chromium.Chromium...}, fedcm:accounts: true, goog:chromeOptions: {debuggerAddress: localhost:40763}, networkConnectionEnabled: false, pageLoadStrategy: normal, platformName: linux, proxy: Proxy(), se:cdp: ws://localhost:40763/devtoo..., se:cdpVersion: 124.0.6367.60, setWindowRect: true, strictFileInteractability: false, timeouts: {implicit: 0, pageLoad: 300000, script: 30000}, unhandledPromptBehavior: dismiss and notify, webauthn:extension:credBlob: true, webauthn:extension:largeBlob: true, webauthn:extension:minPinLength: true, webauthn:extension:prf: true, webauthn:virtualAuthenticators: true}\nSession ID: 8d83c2f7e98347fc1ebf67004146b9c3\n\tat java.base/jdk.internal.reflect.DirectConstructorHandleAccessor.newInstance(DirectConstructorHandleAccessor.java:62)\n\tat java.base/java.lang.reflect.Constructor.newInstanceWithCaller(Constructor.java:502)\n\tat java.base/java.lang.reflect.Constructor.newInstance(Constructor.java:486)\n\tat org.openqa.selenium.remote.codec.w3c.W3CHttpResponseCodec.createException(W3CHttpResponseCodec.java:185)\n\tat org.openqa.selenium.remote.codec.w3c.W3CHttpResponseCodec.decode(W3CHttpResponseCodec.java:134)\n\tat org.openqa.selenium.remote.codec.w3c.W3CHttpResponseCodec.decode(W3CHttpResponseCodec.java:51)\n\tat org.openqa.selenium.remote.HttpCommandExecutor.execute(HttpCommandExecutor.java:190)\n\tat org.openqa.selenium.remote.service.DriverCommandExecutor.invokeExecute(DriverCommandExecutor.java:216)\n\tat org.openqa.selenium.remote.service.DriverCommandExecutor.execute(DriverCommandExecutor.java:174)\n\tat org.openqa.selenium.remote.RemoteWebDriver.execute(RemoteWebDriver.java:519)\n\tat org.openqa.selenium.remote.ElementLocation$ElementFinder$2.findElements(ElementLocation.java:182)\n\tat org.openqa.selenium.remote.ElementLocation.findElements(ElementLocation.java:103)\n\tat org.openqa.selenium.remote.RemoteWebDriver.findElements(RemoteWebDriver.java:369)\n\tat org.openqa.selenium.remote.RemoteWebDriver.findElements(RemoteWebDriver.java:363)\n\tat org.openqa.selenium.support.ui.ExpectedConditions$11.apply(ExpectedConditions.java:318)\n\tat org.openqa.selenium.support.ui.ExpectedConditions$11.apply(ExpectedConditions.java:315)\n\tat org.openqa.selenium.support.ui.FluentWait.until(FluentWait.java:203)\n\tat com.library.pages.BooksPage.checkHasBookByNameAndAuthor(BooksPage.java:38)\n\tat com.library.test.LibraryTest.testCreateBookAllLayers(LibraryTest.java:99)\n\tat java.base/java.lang.reflect.Method.invoke(Method.java:580)\n\tat java.base/java.util.concurrent.RecursiveAction.exec(RecursiveAction.java:194)\n\tat java.base/java.util.concurrent.ForkJoinTask.doExec(ForkJoinTask.java:387)\n\tat java.base/java.util.concurrent.ForkJoinPool$WorkQueue.topLevelExec(ForkJoinPool.java:1312)\n\tat java.base/java.util.concurrent.ForkJoinPool.scan(ForkJoinPool.java:1843)\n\tat java.base/java.util.concurrent.ForkJoinPool.runWorker(ForkJoinPool.java:1808)\n\tat java.base/java.util.concurrent.ForkJoinWorkerThread.run(ForkJoinWorkerThread.java:188)\n","flaky":false,"newFailed":false,"newBroken":true,"newPassed":false,"retriesCount":0,"retriesStatusChange":false,"beforeStages":[],"testStage":{"description":"","status":"broken","statusMessage":"javascript error: {\"status\":32,\"value\":\"Unable to locate an element with the xpath expression //td[3][text()='All the King's Men']/following-sibling::td[1][text()='Sigrid Quitzon']/parent::tr because of the following error:\\nSyntaxError: Failed to execute 'evaluate' on 'Document': The string '//td[3][text()='All the King's Men']/following-sibling::td[1][text()='Sigrid Quitzon']/parent::tr' is not a valid XPath expression.\"}\n  (Session info: chrome-headless-shell=124.0.6367.60)\nBuild info: version: '4.17.0', revision: 'e52b1be057*'\nSystem info: os.name: 'Linux', os.arch: 'amd64', os.version: '6.5.0-1018-azure', java.version: '21.0.3'\nDriver info: org.openqa.selenium.chrome.ChromeDriver\nCommand: [8d83c2f7e98347fc1ebf67004146b9c3, findElements {value=//td[3][text()='All the King's Men']/following-sibling::td[1][text()='Sigrid Quitzon']/parent::tr, using=xpath}]\nCapabilities {acceptInsecureCerts: false, browserName: chrome-headless-shell, browserVersion: 124.0.6367.60, chrome: {chromedriverVersion: 124.0.6367.60 (8771130bd84f..., userDataDir: /tmp/.org.chromium.Chromium...}, fedcm:accounts: true, goog:chromeOptions: {debuggerAddress: localhost:40763}, networkConnectionEnabled: false, pageLoadStrategy: normal, platformName: linux, proxy: Proxy(), se:cdp: ws://localhost:40763/devtoo..., se:cdpVersion: 124.0.6367.60, setWindowRect: true, strictFileInteractability: false, timeouts: {implicit: 0, pageLoad: 300000, script: 30000}, unhandledPromptBehavior: dismiss and notify, webauthn:extension:credBlob: true, webauthn:extension:largeBlob: true, webauthn:extension:minPinLength: true, webauthn:extension:prf: true, webauthn:virtualAuthenticators: true}\nSession ID: 8d83c2f7e98347fc1ebf67004146b9c3","statusTrace":"org.openqa.selenium.JavascriptException: javascript error: {\"status\":32,\"value\":\"Unable to locate an element with the xpath expression //td[3][text()='All the King's Men']/following-sibling::td[1][text()='Sigrid Quitzon']/parent::tr because of the following error:\\nSyntaxError: Failed to execute 'evaluate' on 'Document': The string '//td[3][text()='All the King's Men']/following-sibling::td[1][text()='Sigrid Quitzon']/parent::tr' is not a valid XPath expression.\"}\n  (Session info: chrome-headless-shell=124.0.6367.60)\nBuild info: version: '4.17.0', revision: 'e52b1be057*'\nSystem info: os.name: 'Linux', os.arch: 'amd64', os.version: '6.5.0-1018-azure', java.version: '21.0.3'\nDriver info: org.openqa.selenium.chrome.ChromeDriver\nCommand: [8d83c2f7e98347fc1ebf67004146b9c3, findElements {value=//td[3][text()='All the King's Men']/following-sibling::td[1][text()='Sigrid Quitzon']/parent::tr, using=xpath}]\nCapabilities {acceptInsecureCerts: false, browserName: chrome-headless-shell, browserVersion: 124.0.6367.60, chrome: {chromedriverVersion: 124.0.6367.60 (8771130bd84f..., userDataDir: /tmp/.org.chromium.Chromium...}, fedcm:accounts: true, goog:chromeOptions: {debuggerAddress: localhost:40763}, networkConnectionEnabled: false, pageLoadStrategy: normal, platformName: linux, proxy: Proxy(), se:cdp: ws://localhost:40763/devtoo..., se:cdpVersion: 124.0.6367.60, setWindowRect: true, strictFileInteractability: false, timeouts: {implicit: 0, pageLoad: 300000, script: 30000}, unhandledPromptBehavior: dismiss and notify, webauthn:extension:credBlob: true, webauthn:extension:largeBlob: true, webauthn:extension:minPinLength: true, webauthn:extension:prf: true, webauthn:virtualAuthenticators: true}\nSession ID: 8d83c2f7e98347fc1ebf67004146b9c3\n\tat java.base/jdk.internal.reflect.DirectConstructorHandleAccessor.newInstance(DirectConstructorHandleAccessor.java:62)\n\tat java.base/java.lang.reflect.Constructor.newInstanceWithCaller(Constructor.java:502)\n\tat java.base/java.lang.reflect.Constructor.newInstance(Constructor.java:486)\n\tat org.openqa.selenium.remote.codec.w3c.W3CHttpResponseCodec.createException(W3CHttpResponseCodec.java:185)\n\tat org.openqa.selenium.remote.codec.w3c.W3CHttpResponseCodec.decode(W3CHttpResponseCodec.java:134)\n\tat org.openqa.selenium.remote.codec.w3c.W3CHttpResponseCodec.decode(W3CHttpResponseCodec.java:51)\n\tat org.openqa.selenium.remote.HttpCommandExecutor.execute(HttpCommandExecutor.java:190)\n\tat org.openqa.selenium.remote.service.DriverCommandExecutor.invokeExecute(DriverCommandExecutor.java:216)\n\tat org.openqa.selenium.remote.service.DriverCommandExecutor.execute(DriverCommandExecutor.java:174)\n\tat org.openqa.selenium.remote.RemoteWebDriver.execute(RemoteWebDriver.java:519)\n\tat org.openqa.selenium.remote.ElementLocation$ElementFinder$2.findElements(ElementLocation.java:182)\n\tat org.openqa.selenium.remote.ElementLocation.findElements(ElementLocation.java:103)\n\tat org.openqa.selenium.remote.RemoteWebDriver.findElements(RemoteWebDriver.java:369)\n\tat org.openqa.selenium.remote.RemoteWebDriver.findElements(RemoteWebDriver.java:363)\n\tat org.openqa.selenium.support.ui.ExpectedConditions$11.apply(ExpectedConditions.java:318)\n\tat org.openqa.selenium.support.ui.ExpectedConditions$11.apply(ExpectedConditions.java:315)\n\tat org.openqa.selenium.support.ui.FluentWait.until(FluentWait.java:203)\n\tat com.library.pages.BooksPage.checkHasBookByNameAndAuthor(BooksPage.java:38)\n\tat com.library.test.LibraryTest.testCreateBookAllLayers(LibraryTest.java:99)\n\tat java.base/java.lang.reflect.Method.invoke(Method.java:580)\n\tat java.base/java.util.concurrent.RecursiveAction.exec(RecursiveAction.java:194)\n\tat java.base/java.util.concurrent.ForkJoinTask.doExec(ForkJoinTask.java:387)\n\tat java.base/java.util.concurrent.ForkJoinPool$WorkQueue.topLevelExec(ForkJoinPool.java:1312)\n\tat java.base/java.util.concurrent.ForkJoinPool.scan(ForkJoinPool.java:1843)\n\tat java.base/java.util.concurrent.ForkJoinPool.runWorker(ForkJoinPool.java:1808)\n\tat java.base/java.util.concurrent.ForkJoinWorkerThread.run(ForkJoinWorkerThread.java:188)\n","steps":[{"name":"Log in as LIBRARIAN","time":{"start":1715273482961,"stop":1715273482964,"duration":3},"status":"passed","steps":[],"attachments":[],"parameters":[],"shouldDisplayMessage":false,"stepsCount":0,"attachmentsCount":0,"hasContent":false,"attachmentStep":false},{"name":"create a random 'book' as request body","time":{"start":1715273483871,"stop":1715273483871,"duration":0},"status":"passed","steps":[],"attachments":[],"parameters":[],"shouldDisplayMessage":false,"stepsCount":0,"attachmentsCount":0,"hasContent":false,"attachmentStep":false},{"name":"send POST request to '/add_book' endpoint","time":{"start":1715273484254,"stop":1715273484254,"duration":0},"status":"passed","steps":[],"attachments":[],"parameters":[],"shouldDisplayMessage":false,"stepsCount":0,"attachmentsCount":0,"hasContent":false,"attachmentStep":false},{"name":"Then status code should be 200, And Response Content type is 'application/json; charset=utf-8'","time":{"start":1715273484517,"stop":1715273484530,"duration":13},"status":"passed","steps":[],"attachments":[],"parameters":[],"shouldDisplayMessage":false,"stepsCount":0,"attachmentsCount":0,"hasContent":false,"attachmentStep":false},{"name":"And 'book_id' field should not be null.","time":{"start":1715273484557,"stop":1715273484557,"duration":0},"status":"passed","steps":[],"attachments":[],"parameters":[],"shouldDisplayMessage":false,"stepsCount":0,"attachmentsCount":0,"hasContent":false,"attachmentStep":false},{"name":"UI, Database and API created book information must match","time":{"start":1715273484557,"stop":1715273484557,"duration":0},"status":"passed","steps":[],"attachments":[],"parameters":[],"shouldDisplayMessage":false,"stepsCount":0,"attachmentsCount":0,"hasContent":false,"attachmentStep":false}],"attachments":[{"uid":"7fe38fbfa6bed460","name":"Request","source":"7fe38fbfa6bed460.html","type":"text/html","size":2576},{"uid":"2a1e3a128707e309","name":"Response","source":"2a1e3a128707e309.html","type":"text/html","size":2606},{"uid":"ef41a5a74a83c538","name":"Page source","source":"ef41a5a74a83c538.html","type":"text/html","size":107965},{"uid":"91d4a0f3afdc99f2","name":"Browser console logs","source":"91d4a0f3afdc99f2.bin","type":"text/plain","size":0},{"uid":"6d06f234b2d16998","name":"Video","source":"6d06f234b2d16998.html","type":"text/html","size":182}],"parameters":[],"shouldDisplayMessage":true,"stepsCount":6,"attachmentsCount":5,"hasContent":true,"attachmentStep":false},"afterStages":[],"labels":[{"name":"junit.platform.uniqueid","value":"[engine:junit-jupiter]/[class:com.library.test.LibraryTest]/[method:testCreateBookAllLayers(com.library.model.apiModels.TestParameters)]"},{"name":"host","value":"fv-az1121-436"},{"name":"thread","value":"2747@fv-az1121-436.ForkJoinPool-1-worker-2(27)"},{"name":"framework","value":"junit-platform"},{"name":"language","value":"java"},{"name":"package","value":"com.library.test.LibraryTest"},{"name":"testClass","value":"com.library.test.LibraryTest"},{"name":"testMethod","value":"testCreateBookAllLayers"},{"name":"suite","value":"com.library.test.LibraryTest"},{"name":"resultFormat","value":"allure2"}],"parameters":[],"links":[],"hidden":false,"retry":false,"extra":{"severity":"normal","retries":[],"categories":[{"name":"Test defects","matchedStatuses":[],"flaky":false}],"history":{"statistic":{"failed":0,"broken":1,"skipped":0,"passed":9,"unknown":0,"total":10},"items":[{"uid":"3c7dc155f2cb97d0","reportUrl":"https://patvariali.github.io/LibraryTestFramework/11//#testresult/3c7dc155f2cb97d0","status":"passed","time":{"start":1715273118642,"stop":1715273123743,"duration":5101}},{"uid":"61389836832b75cc","reportUrl":"https://patvariali.github.io/LibraryTestFramework/10//#testresult/61389836832b75cc","status":"passed","time":{"start":1715273108939,"stop":1715273114453,"duration":5514}},{"uid":"f0237580387fda07","reportUrl":"https://patvariali.github.io/LibraryTestFramework/9//#testresult/f0237580387fda07","status":"passed","time":{"start":1715272649388,"stop":1715272688291,"duration":38903}},{"uid":"7bc7db8578334f24","reportUrl":"https://patvariali.github.io/LibraryTestFramework/8//#testresult/7bc7db8578334f24","status":"passed","time":{"start":1715272598159,"stop":1715272633666,"duration":35507}},{"uid":"5b7464ba84a13f2e","reportUrl":"https://patvariali.github.io/LibraryTestFramework/6//#testresult/5b7464ba84a13f2e","status":"passed","time":{"start":1715271967513,"stop":1715271982159,"duration":14646}},{"uid":"d6c02453dee724d9","reportUrl":"https://patvariali.github.io/LibraryTestFramework/5//#testresult/d6c02453dee724d9","status":"passed","time":{"start":1715271739722,"stop":1715271752130,"duration":12408}},{"uid":"7d30363b65d82500","reportUrl":"https://patvariali.github.io/LibraryTestFramework/4//#testresult/7d30363b65d82500","status":"passed","time":{"start":1715271478742,"stop":1715271485439,"duration":6697}},{"uid":"836ee85470afcde3","reportUrl":"https://patvariali.github.io/LibraryTestFramework/3//#testresult/836ee85470afcde3","status":"passed","time":{"start":1715271060149,"stop":1715271065125,"duration":4976}},{"uid":"863d6e4cef6999bf","reportUrl":"https://patvariali.github.io/LibraryTestFramework/2//#testresult/863d6e4cef6999bf","status":"passed","time":{"start":1715270168713,"stop":1715270174973,"duration":6260}}]},"tags":[]},"source":"43232f1deabc0075.json","parameterValues":[]}